<?xml version="1.0" encoding="UTF-8"?>
<!-- Generated by org.testng.reporters.JUnitReportReporter -->
<testsuite hostname="DESKTOP-IBPU7GU" failures="0" tests="1" name="apiRestAssured_ex06_PATCH_Request.APITesting012_PATCH_NONBddStyle" time="10.369" errors="0" timestamp="2025-09-06T22:12:01 IST" skipped="0">
  <testcase classname="apiRestAssured_ex06_PATCH_Request.APITesting012_PATCH_NONBddStyle" name="test_patch_non_bdd" time="10.369"/>
</testsuite> <!-- apiRestAssured_ex06_PATCH_Request.APITesting012_PATCH_NONBddStyle -->
