<?xml version="1.0" encoding="UTF-8"?>
<!-- Generated by org.testng.reporters.JUnitReportReporter -->
<testsuite hostname="DESKTOP-IBPU7GU" failures="0" tests="1" name="apiRestAssured_ex07_DELETE_Request.APITesting013_DELETE_NONBddStyle" time="33.478" errors="0" timestamp="2025-09-06T22:15:04 IST" skipped="0">
  <testcase classname="apiRestAssured_ex07_DELETE_Request.APITesting013_DELETE_NONBddStyle" name="test_delete_non_bdd" time="33.478"/>
</testsuite> <!-- apiRestAssured_ex07_DELETE_Request.APITesting013_DELETE_NONBddStyle -->
