<?xml version="1.0" encoding="UTF-8"?>
<!-- Generated by org.testng.reporters.JUnitReportReporter -->
<testsuite hostname="DESKTOP-IBPU7GU" failures="0" tests="1" name="apiRestAssuted.ex04_POST_Request.APITesting009_POST_NonBDDStyle" time="4.520" errors="0" timestamp="2025-09-06T21:46:19 IST" skipped="0">
  <testcase classname="apiRestAssuted.ex04_POST_Request.APITesting009_POST_NonBDDStyle" name="test_POST_NonBDDStyle_Create_Token" time="4.520"/>
</testsuite> <!-- apiRestAssuted.ex04_POST_Request.APITesting009_POST_NonBDDStyle -->
