<?xml version="1.0" encoding="UTF-8"?>
<!-- Generated by org.testng.reporters.JUnitReportReporter -->
<testsuite hostname="DESKTOP-IBPU7GU" failures="0" tests="2" name="apiRestAssured.ex03_GET_Request.APITesting008_GET_NonBDDStyle" time="144.799" errors="0" timestamp="2025-09-06T21:25:49 IST" skipped="0">
  <testcase classname="apiRestAssured.ex03_GET_Request.APITesting008_GET_NonBDDStyle" name="test_NonBDD_GET_Negative" time="76.431"/>
  <testcase classname="apiRestAssured.ex03_GET_Request.APITesting008_GET_NonBDDStyle" name="test_NonBDD_GET_Positive" time="68.368"/>
</testsuite> <!-- apiRestAssured.ex03_GET_Request.APITesting008_GET_NonBDDStyle -->
