<?xml version="1.0" encoding="UTF-8"?>
<!-- Generated by org.testng.reporters.JUnitReportReporter -->
<testsuite hostname="DESKTOP-IBPU7GU" failures="0" tests="1" name="apiRestAssured_ex04_POST_Request.APITesting009_POST_NonBDDStyle" time="4.257" errors="0" timestamp="2025-09-06T22:11:30 IST" skipped="0">
  <testcase classname="apiRestAssured_ex04_POST_Request.APITesting009_POST_NonBDDStyle" name="test_POST_NonBDDStyle_Create_Token" time="4.257"/>
</testsuite> <!-- apiRestAssured_ex04_POST_Request.APITesting009_POST_NonBDDStyle -->
