<?xml version="1.0" encoding="UTF-8"?>
<!-- Generated by org.testng.reporters.JUnitReportReporter -->
<testsuite hostname="DESKTOP-IBPU7GU" failures="0" tests="1" name="apiRestAssured_ex05_PUT_Request.APITesting011_PUT_NONBddStyle" time="14.156" errors="0" timestamp="2025-09-06T22:04:44 IST" skipped="0">
  <testcase classname="apiRestAssured_ex05_PUT_Request.APITesting011_PUT_NONBddStyle" name="test_put_non_bdd" time="14.156"/>
</testsuite> <!-- apiRestAssured_ex05_PUT_Request.APITesting011_PUT_NONBddStyle -->
