<?xml version="1.0" encoding="UTF-8"?>
<!-- Generated by org.testng.reporters.JUnitReportReporter -->
<testsuite hostname="DESKTOP-IBPU7GU" failures="0" tests="1" name="apiRestAssured.ex03_GET_Request.APITesting006_GET_BDDStyle" time="68.661" errors="0" timestamp="2025-09-06T21:17:16 IST" skipped="0">
  <testcase classname="apiRestAssured.ex03_GET_Request.APITesting006_GET_BDDStyle" name="test_BDD_GET" time="68.661"/>
</testsuite> <!-- apiRestAssured.ex03_GET_Request.APITesting006_GET_BDDStyle -->
